<xml>
  <appId>wx66a812a9570f393a</appId>
  <mchId>1443867102</mchId>
  <mchKey>D41D8CD98F00B204E9800998ECF8427E</mchKey>
  <!---
  以下为官网文档所提供样例参数，仅供部分接口测试使用
  <appId>wxd930ea5d5a258f4f</appId>
  <mchId>10000100</mchId>
  <mchKey>192006250b4c09247ec02edce69f6a2d</mchKey>
  -->
  <keyPath>/Users/duffiye/1443867102.p12</keyPath>
  <subMchId>1504253341</subMchId>
  <subAppId>wxeb30c00981fd4b66</subAppId>
  <subOpenId>oVf3S5IjHh7U9TO5vIEqBLbMWhWI</subOpenId>
  <sginType>MD5</sginType>
</xml>
