<xml>
  <appId>wx66a812a9570f393a</appId>
  <secret>f2c41d109a091d942d99298aaed31769</secret>
  <token>公众号Token</token>
  <aesKey>公众号EncodingAESKey</aesKey>
  <accessToken></accessToken>
  <expiresTime>60</expiresTime>
  <openid>o4GgauJNarXxeebXTVZsHp_59XVc</openid>
  <partnerId>微信商户平台ID</partnerId>
  <partnerKey>商户平台设置的API密钥</partnerKey>
  <keyPath>商户平台的证书文件地址</keyPath>
  <templateId>模版消息的模版ID</templateId>
  <oauth2redirectUri>网页授权获取用户信息回调地址</oauth2redirectUri>
  <qrconnectRedirectUrl>网页应用授权登陆回调地址</qrconnectRedirectUrl>
  <kfAccount>完整客服账号，格式为：账号前缀@公众号微信号</kfAccount>
</xml>
